<?xml version="1.0" encoding="UTF-8"?>
<testng-results ignored="0" total="1" passed="1" failed="0" skipped="0">
  <reporter-output>
  </reporter-output>
  <suite started-at="2020-08-14T00:35:27Z" name="Surefire suite" finished-at="2020-08-14T00:35:27Z" duration-ms="89">
    <groups>
    </groups>
    <test started-at="2020-08-14T00:35:27Z" name="Surefire test" finished-at="2020-08-14T00:35:27Z" duration-ms="89">
      <class name="qaclickacademy.Mavenjava1.AppTest">
        <test-method signature="shouldAnswerWithTrue()" started-at="2020-08-14T00:35:27Z" name="shouldAnswerWithTrue" finished-at="2020-08-14T00:35:27Z" duration-ms="11" status="PASS">
          <reporter-output>
          </reporter-output>
        </test-method> <!-- shouldAnswerWithTrue -->
      </class> <!-- qaclickacademy.Mavenjava1.AppTest -->
    </test> <!-- Surefire test -->
  </suite> <!-- Surefire suite -->
</testng-results>
