<?xml version="1.0" encoding="UTF-8"?>
<!-- Generated by org.testng.reporters.JUnitXMLReporter -->
<testsuite ignored="0" hostname="DESKTOP-VA6QITH" failures="0" tests="6" name="Surefire test" time="0.042" errors="0" timestamp="14 Aug 2020 00:35:27 GMT">
  <testcase classname="qaclickacademy.Mavenjava1.AppiumTest" name="IOSApps" time="0.005"/>
  <testcase classname="qaclickacademy.Mavenjava1.AppiumTest" name="NativeAppAndroid" time="0.001"/>
  <testcase classname="qaclickacademy.Mavenjava1.RESTAPITest" name="deleteTwitter" time="0.0"/>
  <testcase classname="qaclickacademy.Mavenjava1.RESTAPITest" name="postJita" time="0.0"/>
  <testcase classname="qaclickacademy.Mavenjava1.SeleniumTest" name="BrowserAutomation" time="0.001"/>
  <testcase classname="qaclickacademy.Mavenjava1.SeleniumTest" name="elementsUI" time="0.0"/>
</testsuite> <!-- Surefire test -->
