<?xml version="1.0" encoding="UTF-8"?>
<testng-results ignored="0" total="6" passed="6" failed="0" skipped="0">
  <reporter-output>
  </reporter-output>
  <suite started-at="2020-08-14T00:35:27Z" name="Surefire suite" finished-at="2020-08-14T00:35:27Z" duration-ms="42">
    <groups>
    </groups>
    <test started-at="2020-08-14T00:35:27Z" name="Surefire test" finished-at="2020-08-14T00:35:27Z" duration-ms="42">
      <class name="qaclickacademy.Mavenjava1.SeleniumTest">
        <test-method signature="BrowserAutomation()[pri:0, instance:qaclickacademy.Mavenjava1.SeleniumTest@2df32bf7]" started-at="2020-08-14T00:35:27Z" name="BrowserAutomation" finished-at="2020-08-14T00:35:27Z" duration-ms="1" status="PASS">
          <reporter-output>
          </reporter-output>
        </test-method> <!-- BrowserAutomation -->
        <test-method signature="elementsUI()[pri:0, instance:qaclickacademy.Mavenjava1.SeleniumTest@2df32bf7]" started-at="2020-08-14T00:35:27Z" name="elementsUI" finished-at="2020-08-14T00:35:27Z" duration-ms="0" status="PASS">
          <reporter-output>
          </reporter-output>
        </test-method> <!-- elementsUI -->
      </class> <!-- qaclickacademy.Mavenjava1.SeleniumTest -->
      <class name="qaclickacademy.Mavenjava1.AppiumTest">
        <test-method signature="IOSApps()[pri:0, instance:qaclickacademy.Mavenjava1.AppiumTest@2bea5ab4]" started-at="2020-08-14T00:35:27Z" name="IOSApps" finished-at="2020-08-14T00:35:27Z" duration-ms="5" status="PASS">
          <reporter-output>
          </reporter-output>
        </test-method> <!-- IOSApps -->
        <test-method signature="NativeAppAndroid()[pri:0, instance:qaclickacademy.Mavenjava1.AppiumTest@2bea5ab4]" started-at="2020-08-14T00:35:27Z" name="NativeAppAndroid" finished-at="2020-08-14T00:35:27Z" duration-ms="1" status="PASS">
          <reporter-output>
          </reporter-output>
        </test-method> <!-- NativeAppAndroid -->
      </class> <!-- qaclickacademy.Mavenjava1.AppiumTest -->
      <class name="qaclickacademy.Mavenjava1.RESTAPITest">
        <test-method signature="deleteTwitter()[pri:0, instance:qaclickacademy.Mavenjava1.RESTAPITest@3d8314f0]" started-at="2020-08-14T00:35:27Z" name="deleteTwitter" finished-at="2020-08-14T00:35:27Z" duration-ms="0" status="PASS">
          <reporter-output>
          </reporter-output>
        </test-method> <!-- deleteTwitter -->
        <test-method signature="postJita()[pri:0, instance:qaclickacademy.Mavenjava1.RESTAPITest@3d8314f0]" started-at="2020-08-14T00:35:27Z" name="postJita" finished-at="2020-08-14T00:35:27Z" duration-ms="0" status="PASS">
          <reporter-output>
          </reporter-output>
        </test-method> <!-- postJita -->
      </class> <!-- qaclickacademy.Mavenjava1.RESTAPITest -->
    </test> <!-- Surefire test -->
  </suite> <!-- Surefire suite -->
</testng-results>
