<?xml version="1.0" encoding="UTF-8"?>
<!-- Generated by org.testng.reporters.JUnitXMLReporter -->
<testsuite ignored="0" hostname="DESKTOP-VA6QITH" failures="0" tests="4" name="Test" time="0.041" errors="0" timestamp="18 Aug 2020 00:47:26 GMT">
  <testcase classname="qaclickacademy.Mavenjava1.RESTAPITest" name="deleteTwitter" time="0.009"/>
  <testcase classname="qaclickacademy.Mavenjava1.RESTAPITest" name="postJita" time="0.001"/>
  <testcase classname="qaclickacademy.Mavenjava1.SeleniumTest" name="BrowserAutomation" time="0.001"/>
  <testcase classname="qaclickacademy.Mavenjava1.SeleniumTest" name="elementsUI" time="0.0"/>
</testsuite> <!-- Test -->
