<?xml version="1.0" encoding="UTF-8"?>
<testng-results ignored="0" total="4" passed="4" failed="0" skipped="0">
  <reporter-output>
  </reporter-output>
  <suite started-at="2020-08-18T00:47:26Z" name="Suite" finished-at="2020-08-18T00:47:26Z" duration-ms="41">
    <groups>
    </groups>
    <test started-at="2020-08-18T00:47:26Z" name="Test" finished-at="2020-08-18T00:47:26Z" duration-ms="41">
      <class name="qaclickacademy.Mavenjava1.SeleniumTest">
        <test-method signature="BrowserAutomation()[pri:0, instance:qaclickacademy.Mavenjava1.SeleniumTest@57cf54e1]" started-at="2020-08-18T00:47:26Z" name="BrowserAutomation" finished-at="2020-08-18T00:47:26Z" duration-ms="1" status="PASS">
          <reporter-output>
          </reporter-output>
        </test-method> <!-- BrowserAutomation -->
        <test-method signature="elementsUI()[pri:0, instance:qaclickacademy.Mavenjava1.SeleniumTest@57cf54e1]" started-at="2020-08-18T00:47:26Z" name="elementsUI" finished-at="2020-08-18T00:47:26Z" duration-ms="0" status="PASS">
          <reporter-output>
          </reporter-output>
        </test-method> <!-- elementsUI -->
      </class> <!-- qaclickacademy.Mavenjava1.SeleniumTest -->
      <class name="qaclickacademy.Mavenjava1.RESTAPITest">
        <test-method signature="deleteTwitter()[pri:0, instance:qaclickacademy.Mavenjava1.RESTAPITest@7c711375]" started-at="2020-08-18T00:47:26Z" name="deleteTwitter" finished-at="2020-08-18T00:47:26Z" duration-ms="9" status="PASS">
          <reporter-output>
          </reporter-output>
        </test-method> <!-- deleteTwitter -->
        <test-method signature="postJita()[pri:0, instance:qaclickacademy.Mavenjava1.RESTAPITest@7c711375]" started-at="2020-08-18T00:47:26Z" name="postJita" finished-at="2020-08-18T00:47:26Z" duration-ms="1" status="PASS">
          <reporter-output>
          </reporter-output>
        </test-method> <!-- postJita -->
      </class> <!-- qaclickacademy.Mavenjava1.RESTAPITest -->
    </test> <!-- Test -->
  </suite> <!-- Suite -->
</testng-results>
